[debug] [2021-01-03T13:55:40.310Z] ----------------------------------------------------------------------
[debug] [2021-01-03T13:55:40.312Z] Command:       /usr/local/bin/node /usr/local/bin/firebase init
[debug] [2021-01-03T13:55:40.312Z] CLI Version:   9.1.0
[debug] [2021-01-03T13:55:40.313Z] Platform:      darwin
[debug] [2021-01-03T13:55:40.313Z] Node Version:  v14.15.2
[debug] [2021-01-03T13:55:40.313Z] Time:          Sun Jan 03 2021 18:55:40 GMT+0500 (Pakistan Standard Time)
[debug] [2021-01-03T13:55:40.314Z] ----------------------------------------------------------------------
[debug] [2021-01-03T13:55:40.314Z] 
[debug] [2021-01-03T13:55:40.319Z] > command requires scopes: ["email","openid","https://www.googleapis.com/auth/cloudplatformprojects.readonly","https://www.googleapis.com/auth/firebase","https://www.googleapis.com/auth/cloud-platform"]
[debug] [2021-01-03T13:55:40.320Z] > authorizing via signed-in user
[info] 
     ######## #### ########  ######## ########     ###     ######  ########
     ##        ##  ##     ## ##       ##     ##  ##   ##  ##       ##
     ######    ##  ########  ######   ########  #########  ######  ######
     ##        ##  ##    ##  ##       ##     ## ##     ##       ## ##
     ##       #### ##     ## ######## ########  ##     ##  ######  ########

You're about to initialize a Firebase project in this directory:

  /Users/sardarhassan/Desktop/FYP_Website

[info] 
=== Project Setup
[info] 
[info] First, let's associate this project directory with a Firebase project.
[info] You can create multiple project aliases by running firebase use --add, 
[info] but for now we'll just set up a default project.
[info] 
[debug] [2021-01-03T13:58:13.445Z] > refreshing access token with scopes: ["email","https://www.googleapis.com/auth/cloud-platform","https://www.googleapis.com/auth/cloudplatformprojects.readonly","https://www.googleapis.com/auth/firebase","openid"]
[debug] [2021-01-03T13:58:13.446Z] >>> HTTP REQUEST POST https://www.googleapis.com/oauth2/v3/token  
 <request body omitted>
[debug] [2021-01-03T13:58:13.950Z] <<< HTTP RESPONSE 200 {"date":"Sun, 03 Jan 2021 13:58:16 GMT","expires":"Mon, 01 Jan 1990 00:00:00 GMT","pragma":"no-cache","cache-control":"no-cache, no-store, max-age=0, must-revalidate","content-type":"application/json; charset=utf-8","vary":"X-Origin, Referer, Origin,Accept-Encoding","server":"scaffolding on HTTPServer2","x-xss-protection":"0","x-frame-options":"SAMEORIGIN","x-content-type-options":"nosniff","alt-svc":"h3-29=\":443\"; ma=2592000,h3-T051=\":443\"; ma=2592000,h3-Q050=\":443\"; ma=2592000,h3-Q046=\":443\"; ma=2592000,h3-Q043=\":443\"; ma=2592000,quic=\":443\"; ma=2592000; v=\"46,43\"","accept-ranges":"none","transfer-encoding":"chunked"}
[debug] [2021-01-03T13:58:13.975Z] >>> HTTP REQUEST GET https://firebase.googleapis.com/v1beta1/projects?pageSize=100  
 
[debug] [2021-01-03T13:58:14.835Z] <<< HTTP RESPONSE 200 {"content-type":"application/json; charset=UTF-8","vary":"X-Origin, Referer, Origin,Accept-Encoding","date":"Sun, 03 Jan 2021 13:58:16 GMT","server":"ESF","cache-control":"private","x-xss-protection":"0","x-frame-options":"SAMEORIGIN","x-content-type-options":"nosniff","alt-svc":"h3-29=\":443\"; ma=2592000,h3-T051=\":443\"; ma=2592000,h3-Q050=\":443\"; ma=2592000,h3-Q046=\":443\"; ma=2592000,h3-Q043=\":443\"; ma=2592000,quic=\":443\"; ma=2592000; v=\"46,43\"","accept-ranges":"none","transfer-encoding":"chunked"}
[info] i  Using project bioradar (Bioradar) 
[info] 
=== Database Setup
[info] i  database: ensuring required API firebasedatabase.googleapis.com is enabled... 
[debug] [2021-01-03T13:58:20.853Z] >>> HTTP REQUEST GET https://serviceusage.googleapis.com/v1/projects/bioradar/services/firebasedatabase.googleapis.com  
 
[debug] [2021-01-03T13:58:22.814Z] <<< HTTP RESPONSE 200 {"content-type":"application/json; charset=UTF-8","vary":"X-Origin, Referer, Origin,Accept-Encoding","date":"Sun, 03 Jan 2021 13:58:24 GMT","server":"ESF","cache-control":"private","x-xss-protection":"0","x-frame-options":"SAMEORIGIN","x-content-type-options":"nosniff","alt-svc":"h3-29=\":443\"; ma=2592000,h3-T051=\":443\"; ma=2592000,h3-Q050=\":443\"; ma=2592000,h3-Q046=\":443\"; ma=2592000,h3-Q043=\":443\"; ma=2592000,quic=\":443\"; ma=2592000; v=\"46,43\"","accept-ranges":"none","transfer-encoding":"chunked"}
[warn] ⚠  database: missing required API firebasedatabase.googleapis.com. Enabling now... 
[debug] [2021-01-03T13:58:22.815Z] >>> HTTP REQUEST POST https://serviceusage.googleapis.com/v1/projects/bioradar/services/firebasedatabase.googleapis.com:enable  
 
[debug] [2021-01-03T13:58:25.270Z] <<< HTTP RESPONSE 200 {"content-type":"application/json; charset=UTF-8","vary":"X-Origin, Referer, Origin,Accept-Encoding","date":"Sun, 03 Jan 2021 13:58:27 GMT","server":"ESF","cache-control":"private","x-xss-protection":"0","x-frame-options":"SAMEORIGIN","x-content-type-options":"nosniff","alt-svc":"h3-29=\":443\"; ma=2592000,h3-T051=\":443\"; ma=2592000,h3-Q050=\":443\"; ma=2592000,h3-Q046=\":443\"; ma=2592000,h3-Q043=\":443\"; ma=2592000,quic=\":443\"; ma=2592000; v=\"46,43\"","accept-ranges":"none","transfer-encoding":"chunked"}
[debug] [2021-01-03T13:58:35.272Z] >>> HTTP REQUEST GET https://serviceusage.googleapis.com/v1/projects/bioradar/services/firebasedatabase.googleapis.com  
 
[debug] [2021-01-03T13:58:37.077Z] <<< HTTP RESPONSE 200 {"content-type":"application/json; charset=UTF-8","vary":"X-Origin, Referer, Origin,Accept-Encoding","date":"Sun, 03 Jan 2021 13:58:38 GMT","server":"ESF","cache-control":"private","x-xss-protection":"0","x-frame-options":"SAMEORIGIN","x-content-type-options":"nosniff","alt-svc":"h3-29=\":443\"; ma=2592000,h3-T051=\":443\"; ma=2592000,h3-Q050=\":443\"; ma=2592000,h3-Q046=\":443\"; ma=2592000,h3-Q043=\":443\"; ma=2592000,quic=\":443\"; ma=2592000; v=\"46,43\"","accept-ranges":"none","transfer-encoding":"chunked"}
[info] ✔  database: required API firebasedatabase.googleapis.com is enabled 
[info] 
[debug] [2021-01-03T13:58:37.081Z] >>> HTTP REQUEST GET https://firebase.googleapis.com/v1beta1/projects/bioradar  
 
[debug] [2021-01-03T13:58:37.596Z] <<< HTTP RESPONSE 200 {"content-type":"application/json; charset=UTF-8","vary":"X-Origin, Referer, Origin,Accept-Encoding","date":"Sun, 03 Jan 2021 13:58:39 GMT","server":"ESF","cache-control":"private","x-xss-protection":"0","x-frame-options":"SAMEORIGIN","x-content-type-options":"nosniff","alt-svc":"h3-29=\":443\"; ma=2592000,h3-T051=\":443\"; ma=2592000,h3-Q050=\":443\"; ma=2592000,h3-Q046=\":443\"; ma=2592000,h3-Q043=\":443\"; ma=2592000,quic=\":443\"; ma=2592000; v=\"46,43\"","accept-ranges":"none","transfer-encoding":"chunked"}
[debug] [2021-01-03T13:58:51.060Z] >>> HTTP REQUEST POST https://firebasedatabase.googleapis.com/v1beta/projects/bioradar/locations/europe-west1/instances?databaseId=bioradar-default-rtdb&validateOnly=true  
 {"type":"default_database"}
[debug] [2021-01-03T13:58:52.302Z] <<< HTTP RESPONSE 200 {"content-type":"application/json; charset=UTF-8","vary":"X-Origin, Referer, Origin,Accept-Encoding","date":"Sun, 03 Jan 2021 13:58:54 GMT","server":"ESF","cache-control":"private","x-xss-protection":"0","x-frame-options":"SAMEORIGIN","x-content-type-options":"nosniff","alt-svc":"h3-29=\":443\"; ma=2592000,h3-T051=\":443\"; ma=2592000,h3-Q050=\":443\"; ma=2592000,h3-Q046=\":443\"; ma=2592000,h3-Q043=\":443\"; ma=2592000,quic=\":443\"; ma=2592000; v=\"46,43\"","accept-ranges":"none","transfer-encoding":"chunked"}
[debug] [2021-01-03T13:58:52.304Z] >>> HTTP REQUEST POST https://firebasedatabase.googleapis.com/v1beta/projects/bioradar/locations/europe-west1/instances?databaseId=bioradar-default-rtdb  
 {"type":"default_database"}
[debug] [2021-01-03T13:58:54.339Z] <<< HTTP RESPONSE 200 {"content-type":"application/json; charset=UTF-8","vary":"X-Origin, Referer, Origin,Accept-Encoding","date":"Sun, 03 Jan 2021 13:58:56 GMT","server":"ESF","cache-control":"private","x-xss-protection":"0","x-frame-options":"SAMEORIGIN","x-content-type-options":"nosniff","alt-svc":"h3-29=\":443\"; ma=2592000,h3-T051=\":443\"; ma=2592000,h3-Q050=\":443\"; ma=2592000,h3-Q046=\":443\"; ma=2592000,h3-Q043=\":443\"; ma=2592000,quic=\":443\"; ma=2592000; v=\"46,43\"","accept-ranges":"none","transfer-encoding":"chunked"}
[info] 
[info] Firebase Realtime Database Security Rules allow you to define how your data should be
[info] structured and when your data can be read from and written to.
[info] 
[debug] [2021-01-03T13:59:00.797Z] >>> HTTP REQUEST GET https://bioradar-default-rtdb.europe-west1.firebasedatabase.app/.settings/rules.json  
 
[debug] [2021-01-03T13:59:02.995Z] <<< HTTP RESPONSE 200 {"server":"nginx","date":"Sun, 03 Jan 2021 13:59:04 GMT","content-type":"application/json; charset=utf-8","content-length":"161","connection":"keep-alive","access-control-allow-origin":"*","cache-control":"no-cache","strict-transport-security":"max-age=31556926; includeSubDomains; preload"}
[info] ✔  Database Rules for bioradar-default-rtdb have been written to database.rules.json. 
[info] Future modifications to database.rules.json will update Realtime Database Security Rules when you run
[info] firebase deploy.
[info] 
=== Hosting Setup
[info] 
[info] Your public directory is the folder (relative to your project directory) that
[info] will contain Hosting assets to be uploaded with firebase deploy. If you
[info] have a build process for your assets, use your build's output directory.
[info] 
[info] ✔  Wrote public/404.html 
[debug] [2021-01-03T13:59:18.682Z] >>> [apiv2][query] GET https://www.gstatic.com/firebasejs/releases.json [none]
[debug] [2021-01-03T13:59:18.977Z] <<< [apiv2][status] GET https://www.gstatic.com/firebasejs/releases.json 200
[debug] [2021-01-03T13:59:18.977Z] <<< [apiv2][body] GET https://www.gstatic.com/firebasejs/releases.json {"current":{"version":"8.2.1","browserURL":"https://www.gstatic.com/firebasejs/8.2.1/firebase.js","packageURL":"https://www.gstatic.com/firebasejs/8.2.1/firebase.tgz"},"live":{"version":"8.2","browserURL":"https://www.gstatic.com/firebasejs/live/8.2/firebase.js","packageURL":"https://www.gstatic.com/firebasejs/live/8.2/firebase.tgz"},"components":{"analytics":"https://www.gstatic.com/firebasejs/8.2.1/firebase-analytics.js","app":"https://www.gstatic.com/firebasejs/8.2.1/firebase-app.js","auth":"https://www.gstatic.com/firebasejs/8.2.1/firebase-auth.js","database":"https://www.gstatic.com/firebasejs/8.2.1/firebase-database.js","firestore":"https://www.gstatic.com/firebasejs/8.2.1/firebase-firestore.js","functions":"https://www.gstatic.com/firebasejs/8.2.1/firebase-functions.js","installations":"https://www.gstatic.com/firebasejs/8.2.1/firebase-installations.js","messaging":"https://www.gstatic.com/firebasejs/8.2.1/firebase-messaging.js","storage":"https://www.gstatic.com/firebasejs/8.2.1/firebase-storage.js","performance":"https://www.gstatic.com/firebasejs/8.2.1/firebase-performance.js","remote-config":"https://www.gstatic.com/firebasejs/8.2.1/firebase-remote-config.js","firestore.memory":"https://www.gstatic.com/firebasejs/8.2.1/firebase-firestore.memory.js"}}
[info] ✔  Wrote public/index.html 
[info] 
[info] i  Didn't detect a .git folder. Assuming /Users/sardarhassan/Desktop/FYP_Website is the project root. 
[info] i  Authorizing with GitHub to upload your service account to a GitHub repository's secrets store. 
[info] 
[info] Visit this URL on this device to log in:
[info] https://github.com/login/oauth/authorize?client_id=89cf50f02ac6aaed3484&state=663375943&redirect_uri=http%3A%2F%2Flocalhost%3A9005&scope=read%3Auser%20repo%20public_repo
[info] 
[info] Waiting for authentication...
[debug] [2021-01-03T13:59:27.679Z] >>> HTTP REQUEST POST https://github.com/login/oauth/access_token  
 {"client_id":"89cf50f02ac6aaed3484","client_secret":"3330d14abc895d9a74d5f17cd7a00711fa2c5bf0","code":"2824076459d54bef5118","redirect_uri":"http://localhost:9005","state":"663375943"}
[debug] [2021-01-03T13:59:28.353Z] <<< HTTP RESPONSE 200 {"date":"Sun, 03 Jan 2021 13:59:30 GMT","content-type":"application/json; charset=utf-8","transfer-encoding":"chunked","server":"GitHub.com","status":"200 OK","vary":"X-PJAX, Accept-Encoding, Accept, X-Requested-With, Accept-Encoding","etag":"W/\"5bc9c5914df5f91fbe050c87bf3fe869\"","cache-control":"max-age=0, private, must-revalidate","strict-transport-security":"max-age=31536000; includeSubdomains; preload","x-frame-options":"deny","x-content-type-options":"nosniff","x-xss-protection":"1; mode=block","referrer-policy":"origin-when-cross-origin, strict-origin-when-cross-origin","expect-ct":"max-age=2592000, report-uri=\"https://api.github.com/_private/browser/errors\"","content-security-policy":"default-src 'none'; base-uri 'self'; block-all-mixed-content; connect-src 'self' uploads.github.com www.githubstatus.com collector.githubapp.com api.github.com github-cloud.s3.amazonaws.com github-production-repository-file-5c1aeb.s3.amazonaws.com github-production-upload-manifest-file-7fdce7.s3.amazonaws.com github-production-user-asset-6210df.s3.amazonaws.com cdn.optimizely.com logx.optimizely.com/v1/events wss://alive.github.com; font-src github.githubassets.com; form-action 'self' github.com gist.github.com; frame-ancestors 'none'; frame-src render.githubusercontent.com; img-src 'self' data: github.githubassets.com identicons.github.com collector.githubapp.com github-cloud.s3.amazonaws.com *.githubusercontent.com; manifest-src 'self'; media-src 'none'; script-src github.githubassets.com; style-src 'unsafe-inline' github.githubassets.com; worker-src github.com/socket-worker-5029ae85.js gist.github.com/socket-worker-5029ae85.js","x-github-request-id":"D265:2C19:7186E0:8FE11E:5FF1CDC1"}
[debug] [2021-01-03T13:59:28.354Z] >>> [apiv2][query] GET https://api.github.com/user [none]
[debug] [2021-01-03T13:59:29.049Z] <<< [apiv2][status] GET https://api.github.com/user 200
[debug] [2021-01-03T13:59:29.049Z] <<< [apiv2][body] GET https://api.github.com/user {"login":"sardarhassan10","id":65546777,"node_id":"MDQ6VXNlcjY1NTQ2Nzc3","avatar_url":"https://avatars3.githubusercontent.com/u/65546777?v=4","gravatar_id":"","url":"https://api.github.com/users/sardarhassan10","html_url":"https://github.com/sardarhassan10","followers_url":"https://api.github.com/users/sardarhassan10/followers","following_url":"https://api.github.com/users/sardarhassan10/following{/other_user}","gists_url":"https://api.github.com/users/sardarhassan10/gists{/gist_id}","starred_url":"https://api.github.com/users/sardarhassan10/starred{/owner}{/repo}","subscriptions_url":"https://api.github.com/users/sardarhassan10/subscriptions","organizations_url":"https://api.github.com/users/sardarhassan10/orgs","repos_url":"https://api.github.com/users/sardarhassan10/repos","events_url":"https://api.github.com/users/sardarhassan10/events{/privacy}","received_events_url":"https://api.github.com/users/sardarhassan10/received_events","type":"User","site_admin":false,"name":"Sardar Hassan","company":null,"blog":"","location":null,"email":null,"hireable":null,"bio":null,"twitter_username":null,"public_repos":6,"public_gists":0,"followers":0,"following":0,"created_at":"2020-05-18T12:54:19Z","updated_at":"2021-01-03T13:59:28Z","private_gists":0,"total_private_repos":3,"owned_private_repos":3,"disk_usage":128059,"collaborators":0,"two_factor_authentication":false,"plan":{"name":"pro","space":976562499,"collaborators":0,"private_repos":9999}}
[info] 
[info] ✔  Success! Logged into GitHub as sardarhassan10 
[info] 
[debug] [2021-01-03T13:59:51.334Z] >>> [apiv2][query] GET https://api.github.com/repos//actions/secrets/public-key type=owner
[debug] [2021-01-03T13:59:51.938Z] <<< [apiv2][status] GET https://api.github.com/repos//actions/secrets/public-key 404
[debug] [2021-01-03T13:59:51.938Z] <<< [apiv2][body] GET https://api.github.com/repos//actions/secrets/public-key {"message":"Not Found","documentation_url":"https://docs.github.com/rest"}
[debug] [2021-01-03T14:00:32.783Z] >>> [apiv2][query] GET https://api.github.com/repos/https://github.com/sardarhassan10/Bioradar_website.git/actions/secrets/public-key type=owner
[debug] [2021-01-03T14:00:33.279Z] <<< [apiv2][status] GET https://api.github.com/repos/https://github.com/sardarhassan10/Bioradar_website.git/actions/secrets/public-key 404
[debug] [2021-01-03T14:00:33.279Z] <<< [apiv2][body] GET https://api.github.com/repos/https://github.com/sardarhassan10/Bioradar_website.git/actions/secrets/public-key {"message":"Not Found","documentation_url":"https://docs.github.com/rest"}
[debug] [2021-01-03T14:00:37.075Z] >>> [apiv2][query] GET https://api.github.com/repos//actions/secrets/public-key type=owner
[debug] [2021-01-03T14:00:37.410Z] >>> [apiv2][query] GET https://api.github.com/repos//actions/secrets/public-key type=owner
[debug] [2021-01-03T14:00:37.518Z] <<< [apiv2][status] GET https://api.github.com/repos//actions/secrets/public-key 404
[debug] [2021-01-03T14:00:37.519Z] <<< [apiv2][body] GET https://api.github.com/repos//actions/secrets/public-key {"message":"Not Found","documentation_url":"https://docs.github.com/rest"}
[debug] [2021-01-03T14:00:37.922Z] <<< [apiv2][status] GET https://api.github.com/repos//actions/secrets/public-key 404
[debug] [2021-01-03T14:00:37.922Z] <<< [apiv2][body] GET https://api.github.com/repos//actions/secrets/public-key {"message":"Not Found","documentation_url":"https://docs.github.com/rest"}
[debug] [2021-01-03T14:00:48.475Z] >>> [apiv2][query] GET https://api.github.com/repos/https://github.com/sardarhassan10/Bioradar_website.git/actions/secrets/public-key type=owner
[debug] [2021-01-03T14:00:48.933Z] <<< [apiv2][status] GET https://api.github.com/repos/https://github.com/sardarhassan10/Bioradar_website.git/actions/secrets/public-key 404
[debug] [2021-01-03T14:00:48.934Z] <<< [apiv2][body] GET https://api.github.com/repos/https://github.com/sardarhassan10/Bioradar_website.git/actions/secrets/public-key {"message":"Not Found","documentation_url":"https://docs.github.com/rest"}
